<?xml version="1.0" encoding="utf-8"?><testsuites name="pytest tests"><testsuite name="pytest" errors="0" failures="12" skipped="5" tests="119" time="9.070" timestamp="2026-03-23T12:41:38.501914+08:00" hostname="192-168-9-118"><testcase classname="test.api_test.test_Tensor_new_empty" name="test_tensor_new_empty_on_npu[size0-kwargs0-expected_dtype0-False]" time="0.983" /><testcase classname="test.api_test.test_Tensor_new_empty" name="test_tensor_new_empty_on_npu[size1-kwargs1-expected_dtype1-False]" time="0.001" /><testcase classname="test.api_test.test_Tensor_new_empty" name="test_tensor_new_empty_on_npu[size2-kwargs2-expected_dtype2-True]" time="0.001" /><testcase classname="test.api_test.test_Tensor_new_empty" name="test_tensor_new_empty_invalid_size_raises" time="0.001" /><testcase classname="test.api_test.test_Tensor_new_zeros" name="test_tensor_new_zeros_on_npu[size0-kwargs0-expected_dtype0-False]" time="0.113" /><testcase classname="test.api_test.test_Tensor_new_zeros" name="test_tensor_new_zeros_on_npu[size1-kwargs1-expected_dtype1-False]" time="0.002" /><testcase classname="test.api_test.test_Tensor_new_zeros" name="test_tensor_new_zeros_on_npu[size2-kwargs2-expected_dtype2-True]" time="0.001" /><testcase classname="test.api_test.test_Tensor_new_zeros" name="test_tensor_new_zeros_invalid_size_raises" time="0.002" /><testcase classname="test.api_test.test_Tensor_register_hook" name="test_tensor_register_hook_runs_on_npu_backward" time="0.033" /><testcase classname="test.api_test.test_Tensor_register_hook" name="test_tensor_register_hook_invalid_hook_raises" time="0.001"><failure message="Failed: DID NOT RAISE &lt;class 'TypeError'&gt;">def test_tensor_register_hook_invalid_hook_raises():
        _require_npu()
    
&gt;       with pytest.raises(TypeError):
E       Failed: DID NOT RAISE &lt;class 'TypeError'&gt;

test/api_test/test_Tensor_register_hook.py:47: Failed</failure></testcase><testcase classname="test.api_test.test_Tensor_requires_grad" name="test_tensor_requires_grad_property_on_npu" time="0.001" /><testcase classname="test.api_test.test_Tensor_requires_grad" name="test_tensor_requires_grad_invalid_assignment_raises" time="0.001" /><testcase classname="test.api_test.test_Tensor_untyped_storage" name="test_tensor_untyped_storage_returns_storage_on_npu[shape0-dtype0]" time="0.001" /><testcase classname="test.api_test.test_Tensor_untyped_storage" name="test_tensor_untyped_storage_returns_storage_on_npu[shape1-dtype1]" time="0.001" /><testcase classname="test.api_test.test_Tensor_untyped_storage" name="test_tensor_untyped_storage_invalid_self_raises" time="0.001" /><testcase classname="test.api_test.test___future___get_swap_module_params_on_conversion" name="test_get_swap_module_params_on_conversion_round_trip_with_npu_module" time="0.002" /><testcase classname="test.api_test.test__sync" name="test_sync_accepts_functional_tensor_on_npu" time="0.006" /><testcase classname="test.api_test.test__sync" name="test_sync_invalid_inputs_raise[none]" time="0.001" /><testcase classname="test.api_test.test__sync" name="test_sync_invalid_inputs_raise[plain_tensor]" time="0.001" /><testcase classname="test.api_test.test_autograd_Variable__execution_engine_queue_callback" name="test_queue_callback_runs_during_npu_backward" time="0.001" /><testcase classname="test.api_test.test_autograd_Variable__execution_engine_queue_callback" name="test_queue_callback_outside_backward_raises" time="0.001" /><testcase classname="test.api_test.test_autograd_Variable__execution_engine_queue_callback" name="test_queue_callback_none_raises" time="0.001" /><testcase classname="test.api_test.test_compiler_is_compiling" name="test_compiler_is_compiling_returns_bool_in_eager_mode" time="0.001" /><testcase classname="test.api_test.test_compiler_is_compiling" name="test_compiler_is_compiling_rejects_extra_args" time="0.001" /><testcase classname="test.api_test.test_dtype" name="test_dtype_objects_from_npu_tensors[dtype0]" time="0.001" /><testcase classname="test.api_test.test_dtype" name="test_dtype_objects_from_npu_tensors[dtype1]" time="0.001" /><testcase classname="test.api_test.test_dtype" name="test_dtype_constructor_raises" time="0.001" /><testcase classname="test.api_test.test_Event" name="test_event_constructs_on_npu" time="0.001" /><testcase classname="test.api_test.test_Event" name="test_event_invalid_device_raises" time="0.001" /><testcase classname="test.api_test.test_library_impl" name="test_library_impl_registers_privateuse1_kernel_for_npu" time="0.002" /><testcase classname="test.api_test.test_library_impl" name="test_library_impl_invalid_qualname_raises" time="0.001" /><testcase classname="test.api_test.test_library_Library" name="test_library_construct_and_define_for_npu_dispatch" time="0.001"><failure message="RuntimeError: !dispatch_key_.has_value() INTERNAL ASSERT FAILED at &quot;/pytorch/aten/src/ATen/core/library.cpp&quot;:87, please report a bug to PyTorch. (Error occurred while processing TORCH_LIBRARY_FRAGMENT block at /dev/null:166)">def test_library_construct_and_define_for_npu_dispatch():
        _require_npu()
    
        namespace = "pta_test_library_ctor"
        lib = torch.library.Library(namespace, "DEF")
&gt;       frag = torch.library.Library(namespace, "FRAGMENT", "PrivateUse1")
               ^^^^^^^^^^^^^^^^^^^^^^^^^^^^^^^^^^^^^^^^^^^^^^^^^^^^^^^^^^^

test/api_test/test_library_Library.py:34: 
_ _ _ _ _ _ _ _ _ _ _ _ _ _ _ _ _ _ _ _ _ _ _ _ _ _ _ _ _ _ _ _ _ _ _ _ _ _ _ _ 

self = &lt;[AttributeError("'Library' object has no attribute 'kind'") raised in repr()] Library object at 0xfffd89b3ea50&gt;
ns = 'pta_test_library_ctor', kind = 'FRAGMENT', dispatch_key = 'PrivateUse1'

    def __init__(self, ns, kind, dispatch_key=""):
        if kind not in ("IMPL", "DEF", "FRAGMENT"):
            raise ValueError("Unsupported kind: ", kind)
    
        if ns in _reserved_namespaces and (kind == "DEF" or kind == "FRAGMENT"):
            raise ValueError(
                ns,
                " is a reserved namespace. Please try creating a library with another name.",
            )
        if torch._running_with_deploy():
            _library.utils.warn_deploy()
            return
    
        frame = traceback.extract_stack(limit=3)[0]
        filename, lineno = frame.filename, frame.lineno
&gt;       self.m: Optional[Any] = torch._C._dispatch_library(
            kind, ns, dispatch_key, filename, lineno
        )
E       RuntimeError: !dispatch_key_.has_value() INTERNAL ASSERT FAILED at "/pytorch/aten/src/ATen/core/library.cpp":87, please report a bug to PyTorch. (Error occurred while processing TORCH_LIBRARY_FRAGMENT block at /dev/null:166)

/usr/local/python3.11.14/lib/python3.11/site-packages/torch/library.py:109: RuntimeError</failure></testcase><testcase classname="test.api_test.test_library_Library" name="test_library_invalid_kind_raises" time="0.001" /><testcase classname="test.api_test.test_nn_Module_buffers" name="test_module_buffers_recurse_modes" time="0.001" /><testcase classname="test.api_test.test_nn_Module_buffers" name="test_module_buffers_invalid_self_raises" time="0.001"><failure message="AttributeError: 'str' object has no attribute 'named_buffers'">def test_module_buffers_invalid_self_raises():
        _require_npu()
    
        with pytest.raises(TypeError):
&gt;           list(torch.nn.Module.buffers("bad"))

test/api_test/test_nn_Module_buffers.py:53: 
_ _ _ _ _ _ _ _ _ _ _ _ _ _ _ _ _ _ _ _ _ _ _ _ _ _ _ _ _ _ _ _ _ _ _ _ _ _ _ _ 

self = 'bad', recurse = True

    def buffers(self, recurse: bool = True) -&gt; Iterator[Tensor]:
        r"""Return an iterator over module buffers.
    
        Args:
            recurse (bool): if True, then yields buffers of this module
                and all submodules. Otherwise, yields only buffers that
                are direct members of this module.
    
        Yields:
            torch.Tensor: module buffer
    
        Example::
    
            &gt;&gt;&gt; # xdoctest: +SKIP("undefined vars")
            &gt;&gt;&gt; for buf in model.buffers():
            &gt;&gt;&gt;     print(type(buf), buf.size())
            &lt;class 'torch.Tensor'&gt; (20L,)
            &lt;class 'torch.Tensor'&gt; (20L, 1L, 5L, 5L)
    
        """
&gt;       for _, buf in self.named_buffers(recurse=recurse):
                      ^^^^^^^^^^^^^^^^^^
E       AttributeError: 'str' object has no attribute 'named_buffers'

/usr/local/python3.11.14/lib/python3.11/site-packages/torch/nn/modules/module.py:2697: AttributeError</failure></testcase><testcase classname="test.api_test.test_nn_Module_modules" name="test_module_modules_iterates_nested_modules" time="0.002" /><testcase classname="test.api_test.test_nn_Module_modules" name="test_module_modules_invalid_self_raises" time="0.001"><failure message="AttributeError: 'str' object has no attribute 'named_modules'">def test_module_modules_invalid_self_raises():
        _require_npu()
    
        with pytest.raises(TypeError):
&gt;           list(torch.nn.Module.modules("bad"))

test/api_test/test_nn_Module_modules.py:51: 
_ _ _ _ _ _ _ _ _ _ _ _ _ _ _ _ _ _ _ _ _ _ _ _ _ _ _ _ _ _ _ _ _ _ _ _ _ _ _ _ 

self = 'bad'

    def modules(self) -&gt; Iterator["Module"]:
        r"""Return an iterator over all modules in the network.
    
        Yields:
            Module: a module in the network
    
        Note:
            Duplicate modules are returned only once. In the following
            example, ``l`` will be returned only once.
    
        Example::
    
            &gt;&gt;&gt; l = nn.Linear(2, 2)
            &gt;&gt;&gt; net = nn.Sequential(l, l)
            &gt;&gt;&gt; for idx, m in enumerate(net.modules()):
            ...     print(idx, '-&gt;', m)
    
            0 -&gt; Sequential(
              (0): Linear(in_features=2, out_features=2, bias=True)
              (1): Linear(in_features=2, out_features=2, bias=True)
            )
            1 -&gt; Linear(in_features=2, out_features=2, bias=True)
    
        """
&gt;       for _, module in self.named_modules():
                         ^^^^^^^^^^^^^^^^^^
E       AttributeError: 'str' object has no attribute 'named_modules'

/usr/local/python3.11.14/lib/python3.11/site-packages/torch/nn/modules/module.py:2784: AttributeError</failure></testcase><testcase classname="test.api_test.test_nn_Module_named_modules" name="test_module_named_modules_with_prefix" time="0.001" /><testcase classname="test.api_test.test_nn_Module_named_modules" name="test_module_named_modules_invalid_self_raises" time="0.001"><failure message="AttributeError: 'str' object has no attribute '_modules'">def test_module_named_modules_invalid_self_raises():
        _require_npu()
    
        with pytest.raises(TypeError):
&gt;           list(torch.nn.Module.named_modules("bad"))

test/api_test/test_nn_Module_named_modules.py:51: 
_ _ _ _ _ _ _ _ _ _ _ _ _ _ _ _ _ _ _ _ _ _ _ _ _ _ _ _ _ _ _ _ _ _ _ _ _ _ _ _ 

self = 'bad', memo = {'bad'}, prefix = '', remove_duplicate = True

    def named_modules(
        self,
        memo: Optional[set["Module"]] = None,
        prefix: str = "",
        remove_duplicate: bool = True,
    ):
        r"""Return an iterator over all modules in the network, yielding both the name of the module as well as the module itself.
    
        Args:
            memo: a memo to store the set of modules already added to the result
            prefix: a prefix that will be added to the name of the module
            remove_duplicate: whether to remove the duplicated module instances in the result
                or not
    
        Yields:
            (str, Module): Tuple of name and module
    
        Note:
            Duplicate modules are returned only once. In the following
            example, ``l`` will be returned only once.
    
        Example::
    
            &gt;&gt;&gt; l = nn.Linear(2, 2)
            &gt;&gt;&gt; net = nn.Sequential(l, l)
            &gt;&gt;&gt; for idx, m in enumerate(net.named_modules()):
            ...     print(idx, '-&gt;', m)
    
            0 -&gt; ('', Sequential(
              (0): Linear(in_features=2, out_features=2, bias=True)
              (1): Linear(in_features=2, out_features=2, bias=True)
            ))
            1 -&gt; ('0', Linear(in_features=2, out_features=2, bias=True))
    
        """
        if memo is None:
            memo = set()
        if self not in memo:
            if remove_duplicate:
                memo.add(self)
            yield prefix, self
&gt;           for name, module in self._modules.items():
                                ^^^^^^^^^^^^^
E           AttributeError: 'str' object has no attribute '_modules'

/usr/local/python3.11.14/lib/python3.11/site-packages/torch/nn/modules/module.py:2828: AttributeError</failure></testcase><testcase classname="test.api_test.test_nn_Module_named_modules" name="test_module_named_modules_remove_duplicate_modes" time="0.001" /><testcase classname="test.api_test.test_nn_Module_named_parameters" name="test_module_named_parameters_recurse_and_prefix" time="0.001" /><testcase classname="test.api_test.test_nn_Module_named_parameters" name="test_module_named_parameters_invalid_self_raises" time="0.001"><failure message="AttributeError: 'str' object has no attribute '_named_members'">def test_module_named_parameters_invalid_self_raises():
        _require_npu()
    
        with pytest.raises(TypeError):
&gt;           list(torch.nn.Module.named_parameters("bad"))

test/api_test/test_nn_Module_named_parameters.py:53: 
_ _ _ _ _ _ _ _ _ _ _ _ _ _ _ _ _ _ _ _ _ _ _ _ _ _ _ _ _ _ _ _ _ _ _ _ _ _ _ _ 

self = 'bad', prefix = '', recurse = True, remove_duplicate = True

    def named_parameters(
        self, prefix: str = "", recurse: bool = True, remove_duplicate: bool = True
    ) -&gt; Iterator[tuple[str, Parameter]]:
        r"""Return an iterator over module parameters, yielding both the name of the parameter as well as the parameter itself.
    
        Args:
            prefix (str): prefix to prepend to all parameter names.
            recurse (bool): if True, then yields parameters of this module
                and all submodules. Otherwise, yields only parameters that
                are direct members of this module.
            remove_duplicate (bool, optional): whether to remove the duplicated
                parameters in the result. Defaults to True.
    
        Yields:
            (str, Parameter): Tuple containing the name and parameter
    
        Example::
    
            &gt;&gt;&gt; # xdoctest: +SKIP("undefined vars")
            &gt;&gt;&gt; for name, param in self.named_parameters():
            &gt;&gt;&gt;     if name in ['bias']:
            &gt;&gt;&gt;         print(param.size())
    
        """
&gt;       gen = self._named_members(
              ^^^^^^^^^^^^^^^^^^^
            lambda module: module._parameters.items(),
            prefix=prefix,
            recurse=recurse,
            remove_duplicate=remove_duplicate,
        )
E       AttributeError: 'str' object has no attribute '_named_members'

/usr/local/python3.11.14/lib/python3.11/site-packages/torch/nn/modules/module.py:2669: AttributeError</failure></testcase><testcase classname="test.api_test.test_nn_Module_named_parameters" name="test_module_named_parameters_remove_duplicate_modes" time="0.001" /><testcase classname="test.api_test.test_nn_Module_register_forward_hook" name="test_module_register_forward_hook_on_npu" time="0.277" /><testcase classname="test.api_test.test_nn_Module_register_forward_hook" name="test_module_register_forward_hook_invalid_hook_raises" time="0.001"><failure message="Failed: DID NOT RAISE &lt;class 'TypeError'&gt;">def test_module_register_forward_hook_invalid_hook_raises():
        _require_npu()
    
&gt;       with pytest.raises(TypeError):
E       Failed: DID NOT RAISE &lt;class 'TypeError'&gt;

test/api_test/test_nn_Module_register_forward_hook.py:60: Failed</failure></testcase><testcase classname="test.api_test.test_nn_Module_register_forward_hook" name="test_module_register_forward_hook_prepend_orders_hooks" time="0.002" /><testcase classname="test.api_test.test_nn_Module_register_forward_pre_hook" name="test_module_register_forward_pre_hook_on_npu" time="0.002" /><testcase classname="test.api_test.test_nn_Module_register_forward_pre_hook" name="test_module_register_forward_pre_hook_invalid_hook_raises" time="0.001"><failure message="Failed: DID NOT RAISE &lt;class 'TypeError'&gt;">def test_module_register_forward_pre_hook_invalid_hook_raises():
        _require_npu()
    
&gt;       with pytest.raises(TypeError):
E       Failed: DID NOT RAISE &lt;class 'TypeError'&gt;

test/api_test/test_nn_Module_register_forward_pre_hook.py:60: Failed</failure></testcase><testcase classname="test.api_test.test_nn_Module_register_forward_pre_hook" name="test_module_register_forward_pre_hook_prepend_orders_hooks" time="0.001" /><testcase classname="test.api_test.test_nn_Module_register_load_state_dict_post_hook" name="test_register_load_state_dict_post_hook_observes_missing_keys" time="0.001" /><testcase classname="test.api_test.test_nn_Module_register_load_state_dict_post_hook" name="test_register_load_state_dict_post_hook_invalid_hook_raises" time="0.001"><failure message="Failed: DID NOT RAISE &lt;class 'TypeError'&gt;">def test_register_load_state_dict_post_hook_invalid_hook_raises():
        _require_npu()
    
&gt;       with pytest.raises(TypeError):
E       Failed: DID NOT RAISE &lt;class 'TypeError'&gt;

test/api_test/test_nn_Module_register_load_state_dict_post_hook.py:58: Failed</failure></testcase><testcase classname="test.api_test.test_utils__pytree_tree_flatten" name="test_tree_flatten_handles_nested_npu_structure" time="0.001" /><testcase classname="test.api_test.test_utils__pytree_tree_flatten" name="test_tree_flatten_invalid_is_leaf_raises" time="0.001" /><testcase classname="test.api_test.test_utils__pytree_tree_map" name="test_tree_map_transforms_nested_npu_tensors" time="0.001" /><testcase classname="test.api_test.test_utils__pytree_tree_map" name="test_tree_map_invalid_mapper_raises" time="0.001" /><testcase classname="test.api_test.test_utils__pytree_tree_unflatten" name="test_tree_unflatten_rebuilds_nested_npu_structure" time="0.001" /><testcase classname="test.api_test.test_utils__pytree_tree_unflatten" name="test_tree_unflatten_mismatched_leaves_raises" time="0.001" /><testcase classname="test.api_test.test_utils_swap_tensors" name="test_swap_tensors_exchanges_npu_contents" time="0.001" /><testcase classname="test.api_test.test_utils_swap_tensors" name="test_swap_tensors_invalid_input_raises" time="0.001"><failure message="AttributeError: 'int' object has no attribute '_use_count'">def test_swap_tensors_invalid_input_raises():
        _require_npu()
    
        with pytest.raises((TypeError, RuntimeError)):
&gt;           torch.utils.swap_tensors(torch.ones(1, device="npu"), 1)

test/api_test/test_utils_swap_tensors.py:46: 
_ _ _ _ _ _ _ _ _ _ _ _ _ _ _ _ _ _ _ _ _ _ _ _ _ _ _ _ _ _ _ _ _ _ _ _ _ _ _ _ 
/usr/local/python3.11.14/lib/python3.11/site-packages/torch/utils/__init__.py:92: in swap_tensors
    check_use_count(t2, "t2")
_ _ _ _ _ _ _ _ _ _ _ _ _ _ _ _ _ _ _ _ _ _ _ _ _ _ _ _ _ _ _ _ _ _ _ _ _ _ _ _ 

t = 1, name = 't2'

    def check_use_count(t, name="t1"):
&gt;       use_count = t._use_count()
                    ^^^^^^^^^^^^
E       AttributeError: 'int' object has no attribute '_use_count'

/usr/local/python3.11.14/lib/python3.11/site-packages/torch/utils/__init__.py:75: AttributeError</failure></testcase><testcase classname="test.api_test.test_nn_Parameter_grad" name="test_parameter_grad_none_then_tensor_on_npu" time="0.001" /><testcase classname="test.api_test.test_nn_Parameter_grad" name="test_parameter_grad_invalid_assignment_raises" time="0.001" /><testcase classname="test.api_test.test_nn_Parameter_device" name="test_parameter_device_reports_npu" time="0.001" /><testcase classname="test.api_test.test_nn_Parameter_device_type" name="test_parameter_device_type_reports_npu" time="0.001" /><testcase classname="test.api_test.test_nn_Parameter_is_contiguous" name="test_parameter_is_contiguous_on_npu" time="0.001" /><testcase classname="test.api_test.test_nn_Parameter_ndim" name="test_parameter_ndim_on_npu" time="0.001" /><testcase classname="test.api_test.test_nn_Parameter_size" name="test_parameter_size_on_npu" time="0.001" /><testcase classname="test.api_test.test_nn_Parameter_size" name="test_parameter_size_invalid_dim_raises[bad]" time="0.002" /><testcase classname="test.api_test.test_nn_Parameter_size" name="test_parameter_size_invalid_dim_raises[5]" time="0.001" /><testcase classname="test.api_test.test_nn_Parameter_stride" name="test_parameter_stride_on_npu" time="0.001" /><testcase classname="test.api_test.test_nn_Parameter_dtype" name="test_parameter_dtype_on_npu[dtype0]" time="0.001" /><testcase classname="test.api_test.test_nn_Parameter_dtype" name="test_parameter_dtype_on_npu[dtype1]" time="0.001" /><testcase classname="test.api_test.test_nn_Parameter_dtype" name="test_parameter_dtype_read_only_assignment_raises" time="0.001" /><testcase classname="test.api_test.test_nn_Parameter_itemsize" name="test_parameter_itemsize_on_npu[dtype0-2]" time="0.001" /><testcase classname="test.api_test.test_nn_Parameter_itemsize" name="test_parameter_itemsize_on_npu[dtype1-4]" time="0.001" /><testcase classname="test.api_test.test_nn_Parameter_itemsize" name="test_parameter_itemsize_read_only_assignment_raises" time="0.001" /><testcase classname="test.api_test.test_autograd__unsafe_preserve_version_counter" name="test_unsafe_preserve_version_counter_keeps_version_on_npu" time="0.001" /><testcase classname="test.api_test.test_autograd__unsafe_preserve_version_counter" name="test_unsafe_preserve_version_counter_invalid_none_raises" time="0.001"><failure message="AssertionError">def test_unsafe_preserve_version_counter_invalid_none_raises():
        _require_npu()
    
        with pytest.raises((TypeError, RuntimeError)):
&gt;           with torch.autograd._unsafe_preserve_version_counter(None):
                 ^^^^^^^^^^^^^^^^^^^^^^^^^^^^^^^^^^^^^^^^^^^^^^^^^^^^^

test/api_test/test_autograd__unsafe_preserve_version_counter.py:45: 
_ _ _ _ _ _ _ _ _ _ _ _ _ _ _ _ _ _ _ _ _ _ _ _ _ _ _ _ _ _ _ _ _ _ _ _ _ _ _ _ 

self = &lt;torch.autograd.grad_mode._unsafe_preserve_version_counter object at 0xfffd7db86250&gt;
tensors = None

    def __init__(self, tensors: Union[torch.Tensor, tuple[torch.Tensor, ...]]) -&gt; None:
        self.tensors = (tensors,) if isinstance(tensors, torch.Tensor) else tensors
&gt;       assert isinstance(self.tensors, tuple)
               ^^^^^^^^^^^^^^^^^^^^^^^^^^^^^^^
E       AssertionError

/usr/local/python3.11.14/lib/python3.11/site-packages/torch/autograd/grad_mode.py:391: AssertionError</failure></testcase><testcase classname="test.api_test.test_library" name="test_torch_library_module_exposes_npu_registration_entrypoints" time="0.001" /><testcase classname="test.api_test.test_library" name="test_torch_library_missing_attr_raises" time="0.001" /><testcase classname="test.api_test.test__dynamo_compiled_autograd_compiled_autograd_enabled" name="test_flag_like_api_returns_bool_in_npu_eager_mode" time="0.001" /><testcase classname="test.api_test.test__dynamo_compiled_autograd_compiled_autograd_enabled_force_eager" name="test_flag_like_api_returns_bool_in_npu_eager_mode" time="0.001" /><testcase classname="test.api_test.test__dynamo_compiled_autograd_in_compiled_autograd_region" name="test_flag_like_api_returns_bool_in_npu_eager_mode" time="0.001" /><testcase classname="test.api_test.test__running_with_deploy" name="test_flag_like_api_returns_bool_in_npu_eager_mode" time="0.001"><skipped type="pytest.skip" message="`torch._running_with_deploy` 返回进程部署状态，不存在可验证的 NPU 设备语义。">/home/l00913161/projects/pta_testcase/test/api_test/test__running_with_deploy.py:31: `torch._running_with_deploy` 返回进程部署状态，不存在可验证的 NPU 设备语义。</skipped></testcase><testcase classname="test.api_test.test__running_with_deploy" name="test_running_with_deploy_rejects_extra_args" time="0.001" /><testcase classname="test.api_test.test_utils__python_dispatch_is_traceable_wrapper_subclass" name="test_is_traceable_wrapper_subclass_true_for_traceable_npu_tensor" time="0.001" /><testcase classname="test.api_test.test_utils__python_dispatch_is_traceable_wrapper_subclass" name="test_is_traceable_wrapper_subclass_false_for_plain_npu_tensor" time="0.001" /><testcase classname="test.api_test.test_utils__python_dispatch_is_traceable_wrapper_subclass" name="test_is_traceable_wrapper_subclass_false_for_plain_tensor_subclass_type" time="0.001" /><testcase classname="test.api_test.test_utils__python_dispatch_is_traceable_wrapper_subclass" name="test_is_traceable_wrapper_subclass_false_for_plain_tensor_subclass_instance" time="0.001" /><testcase classname="test.api_test.test_utils__python_dispatch_is_traceable_wrapper_subclass" name="test_is_traceable_wrapper_subclass_false_for_non_tensor_objects[None]" time="0.001" /><testcase classname="test.api_test.test_utils__python_dispatch_is_traceable_wrapper_subclass" name="test_is_traceable_wrapper_subclass_false_for_non_tensor_objects[value1]" time="0.001" /><testcase classname="test.api_test.test_utils__python_dispatch_is_traceable_wrapper_subclass" name="test_is_traceable_wrapper_subclass_false_for_non_tensor_objects[123]" time="0.001" /><testcase classname="test.api_test.test_utils__python_dispatch_is_traceable_wrapper_subclass" name="test_is_traceable_wrapper_subclass_false_for_non_tensor_objects[tensor]" time="0.001" /><testcase classname="test.api_test.test__dynamo_comptime_comptime_print" name="test_comptime_print_writes_eager_output" time="0.042" /><testcase classname="test.api_test.test__dynamo_comptime_comptime_print" name="test_comptime_print_missing_argument_raises" time="0.001" /><testcase classname="test.api_test.test__dynamo_config" name="test_dynamo_config_module_is_accessible_from_npu_context" time="0.001" /><testcase classname="test.api_test.test__dynamo_config" name="test_dynamo_config_missing_attr_raises" time="0.001" /><testcase classname="test.api_test.test__dynamo_config_skip_fsdp_hooks" name="test_skip_fsdp_hooks_is_bool_in_npu_context" time="0.001" /><testcase classname="test.api_test.test__C_DispatchKey_Functionalize" name="test_dispatchkey_functionalize_is_accessible" time="0.001" /><testcase classname="test.api_test.test__C_DispatchKey_Functionalize" name="test_dispatchkey_missing_member_raises" time="0.001" /><testcase classname="test.api_test.test__C_DispatchKeySet" name="test_dispatch_keyset_construct_and_basic_ops_on_npu" time="0.001" /><testcase classname="test.api_test.test__C_DispatchKeySet" name="test_dispatch_keyset_invalid_inputs_raise" time="0.001" /><testcase classname="test.api_test.test__C__ExcludeDispatchKeyGuard" name="test_exclude_dispatch_key_guard_constructs_with_functionalize" time="0.001"><skipped type="pytest.skip" message="当前环境缺少稳定的 NPU dispatch 可观测路径，无法可靠验证 _ExcludeDispatchKeyGuard 的正常语义。">/home/l00913161/projects/pta_testcase/test/api_test/test__C__ExcludeDispatchKeyGuard.py:31: 当前环境缺少稳定的 NPU dispatch 可观测路径，无法可靠验证 _ExcludeDispatchKeyGuard 的正常语义。</skipped></testcase><testcase classname="test.api_test.test__C__ExcludeDispatchKeyGuard" name="test_exclude_dispatch_key_guard_invalid_none_raises" time="0.001" /><testcase classname="test.api_test.test__from_functional_tensor" name="test_from_functional_tensor_round_trip_on_npu" time="0.001" /><testcase classname="test.api_test.test__from_functional_tensor" name="test_from_functional_tensor_invalid_inputs_raise[none]" time="0.001" /><testcase classname="test.api_test.test__from_functional_tensor" name="test_from_functional_tensor_invalid_inputs_raise[plain_tensor]" time="0.001" /><testcase classname="test.api_test.test__prims_common_make_contiguous_strides_for" name="test_make_contiguous_strides_for_row_major_modes" time="0.001"><skipped type="pytest.skip" message="`make_contiguous_strides_for` 只处理 shape，不存在可验证的 NPU 设备语义。">/home/l00913161/projects/pta_testcase/test/api_test/test__prims_common_make_contiguous_strides_for.py:31: `make_contiguous_strides_for` 只处理 shape，不存在可验证的 NPU 设备语义。</skipped></testcase><testcase classname="test.api_test.test__prims_common_make_contiguous_strides_for" name="test_make_contiguous_strides_for_negative_dim_raises" time="0.001" /><testcase classname="test.api_test.test__prims_common_make_contiguous_strides_for" name="test_make_contiguous_strides_for_invalid_none_raises" time="0.001" /><testcase classname="test.api_test.test_fx_node_has_side_effect" name="test_has_side_effect_marks_function" time="0.001"><skipped type="pytest.skip" message="`torch.fx.node.has_side_effect` 缺少可验证的 NPU 设备语义，避免通过无关 NPU Tensor 伪造覆盖。">/home/l00913161/projects/pta_testcase/test/api_test/test_fx_node_has_side_effect.py:31: `torch.fx.node.has_side_effect` 缺少可验证的 NPU 设备语义，避免通过无关 NPU Tensor 伪造覆盖。</skipped></testcase><testcase classname="test.api_test.test_nn_Module___setattr__" name="test_module_setattr_registers_parameter_and_child_module" time="0.001" /><testcase classname="test.api_test.test_nn_Module___setattr__" name="test_module_setattr_invalid_parameter_replacement_raises" time="0.001" /><testcase classname="test.api_test.test_nn_Module__parameters" name="test_module_parameters_internal_dict_tracks_npu_parameter" time="0.001" /><testcase classname="test.api_test.test_nn_Module__parameters" name="test_module_parameters_missing_key_raises" time="0.001" /><testcase classname="test.api_test.test__logging_warning_once" name="test_warning_once_emits_same_message_once" time="0.001"><skipped type="pytest.skip" message="`torch._logging.warning_once` 缺少可验证的 NPU 设备语义，避免通过无关 NPU Tensor 伪造覆盖。">/home/l00913161/projects/pta_testcase/test/api_test/test__logging_warning_once.py:31: `torch._logging.warning_once` 缺少可验证的 NPU 设备语义，避免通过无关 NPU Tensor 伪造覆盖。</skipped></testcase><testcase classname="test.api_test.test__logging_warning_once" name="test_warning_once_invalid_logger_raises" time="0.001" /><testcase classname="test.api_test.test__logging_warning_once" name="test_warning_once_missing_logger_argument_raises" time="0.001" /><testcase classname="test.api_test.test_autograd_graph__MultiHandle" name="test_multihandle_wraps_and_removes_handles" time="0.001" /><testcase classname="test.api_test.test_autograd_graph__MultiHandle" name="test_multihandle_invalid_none_raises" time="0.001"><failure message="Failed: DID NOT RAISE &lt;class 'TypeError'&gt;">def test_multihandle_invalid_none_raises():
        _require_npu()
    
&gt;       with pytest.raises(TypeError):
E       Failed: DID NOT RAISE &lt;class 'TypeError'&gt;

test/api_test/test_autograd_graph__MultiHandle.py:46: Failed</failure></testcase></testsuite></testsuites>