<?xml version="1.0" encoding="utf-8"?><testsuites name="pytest tests"><testsuite name="pytest" errors="0" failures="0" skipped="0" tests="2" time="7.471" timestamp="2026-03-23T12:51:24.089217+08:00" hostname="192-168-9-118"><testcase classname="test.api_test.test_Tensor_register_hook" name="test_tensor_register_hook_runs_on_npu_backward" time="1.128" /><testcase classname="test.api_test.test_Tensor_register_hook" name="test_tensor_register_hook_invalid_hook_raises_on_backward" time="0.002" /></testsuite></testsuites>