<?xml version="1.0" encoding="utf-8"?><testsuites name="pytest tests"><testsuite name="pytest" errors="0" failures="0" skipped="0" tests="3" time="7.483" timestamp="2026-03-23T13:06:08.073956+08:00" hostname="192-168-9-118"><testcase classname="test.api_test.test_nn_Module_named_parameters" name="test_module_named_parameters_recurse_and_prefix" time="1.099" /><testcase classname="test.api_test.test_nn_Module_named_parameters" name="test_module_named_parameters_invalid_self_raises" time="0.001" /><testcase classname="test.api_test.test_nn_Module_named_parameters" name="test_module_named_parameters_remove_duplicate_modes" time="0.001" /></testsuite></testsuites>