<?xml version="1.0" encoding="utf-8"?><testsuites name="pytest tests"><testsuite name="pytest" errors="0" failures="0" skipped="0" tests="3" time="7.906" timestamp="2026-03-23T13:15:34.188693+08:00" hostname="192-168-9-118"><testcase classname="test.api_test.test_nn_Module_register_forward_pre_hook" name="test_module_register_forward_pre_hook_on_npu" time="1.378" /><testcase classname="test.api_test.test_nn_Module_register_forward_pre_hook" name="test_module_register_forward_pre_hook_invalid_hook_raises" time="0.002" /><testcase classname="test.api_test.test_nn_Module_register_forward_pre_hook" name="test_module_register_forward_pre_hook_prepend_orders_hooks" time="0.002" /></testsuite></testsuites>