<?xml version="1.0" encoding="utf-8"?><testsuites name="pytest tests"><testsuite name="pytest" errors="0" failures="0" skipped="0" tests="2" time="7.708" timestamp="2026-03-23T13:18:54.691033+08:00" hostname="192-168-9-118"><testcase classname="test.api_test.test_nn_Module_register_load_state_dict_post_hook" name="test_register_load_state_dict_post_hook_observes_missing_keys" time="1.157" /><testcase classname="test.api_test.test_nn_Module_register_load_state_dict_post_hook" name="test_register_load_state_dict_post_hook_invalid_hook_raises" time="0.001" /></testsuite></testsuites>